<?xml version="1.0" encoding="UTF-8"?>
<testsuite xmlns:xsi="http://www.w3.org/2001/XMLSchema-instance" xsi:noNamespaceSchemaLocation="https://maven.apache.org/surefire/maven-surefire-plugin/xsd/surefire-test-report.xsd" version="3.0.2" name="com.fitness.configserver.ConfigServerApplicationTests" time="1.454" tests="1" errors="0" skipped="0" failures="0">
  <properties>
[...]
</properties>
  <testcase name="contextLoads" classname="com.fitness.configserver.ConfigServerApplicationTests" time="0.365">
    <system-out><![CDATA[20:05:13.048 [main] INFO org.springframework.test.context.support.AnnotationConfigContextLoaderUtils -- Could not detect default configuration classes for test class [com.fitness.configserver.ConfigServerApplicationTests]: ConfigServerApplicationTests does not declare any static, non-private, non-final, nested classes annotated with @Configuration.
20:05:13.095 [main] INFO org.springframework.boot.test.context.SpringBootTestContextBootstrapper -- Found @SpringBootConfiguration com.fitness.configserver.ConfigServerApplication for test class com.fitness.configserver.ConfigServerApplicationTests

  .   ____          _            __ _ _
 /\\ / ___'_ __ _ _(_)_ __  __ _ \ \ \ \
( ( )\___ | '_ | '_| | '_ \/ _` | \ \ \ \
 \\/  ___)| |_)| | | | | || (_| |  ) ) ) )
  '  |____| .__|_| |_|_| |_\__, | / / / /
 =========|_|==============|___/=/_/_/_/

 :: Spring Boot ::                (v3.5.4)

2025-08-20T20:05:13.457+05:30  INFO 82053 --- [config-server] [           main] c.f.c.ConfigServerApplicationTests       : Starting ConfigServerApplicationTests using Java 23.0.1 with PID 82053 (started by vishallad in /Users/vishallad/IdeaProjects/fitnessmicroservice/configServer)
2025-08-20T20:05:13.458+05:30  INFO 82053 --- [config-server] [           main] c.f.c.ConfigServerApplicationTests       : The following 1 profile is active: "native"
2025-08-20T20:05:13.708+05:30  INFO 82053 --- [config-server] [           main] o.s.cloud.context.scope.GenericScope     : BeanFactory id=5c57281b-bb23-348e-bec3-2cd2806fc4ae
2025-08-20T20:05:14.077+05:30  INFO 82053 --- [config-server] [           main] c.f.c.ConfigServerApplicationTests       : Started ConfigServerApplicationTests in 0.841 seconds (process running for 1.337)
]]></system-out>
    <system-err><![CDATA[Mockito is currently self-attaching to enable the inline-mock-maker. This will no longer work in future releases of the JDK. Please add Mockito as an agent to your build as described in Mockito's documentation: https://javadoc.io/doc/org.mockito/mockito-core/latest/org.mockito/org/mockito/Mockito.html#0.3
WARNING: A Java agent has been loaded dynamically (/Users/vishallad/.m2/repository/net/bytebuddy/byte-buddy-agent/1.17.6/byte-buddy-agent-1.17.6.jar)
WARNING: If a serviceability tool is in use, please run with -XX:+EnableDynamicAgentLoading to hide this warning
WARNING: If a serviceability tool is not in use, please run with -Djdk.instrument.traceUsage for more information
WARNING: Dynamic loading of agents will be disallowed by default in a future release
]]></system-err>
  </testcase>
</testsuite>